# JRE version: OpenJDK Runtime Environment (11.0.10) (build 11.0.10+0-b96-7249189)
# Java VM: OpenJDK 64-Bit Server VM (11.0.10+0-b96-7249189, mixed mode, tiered, compressed oops, g1 gc, windows-amd64)
Heap:
 garbage-first heap   total 262144K, used 115873K [0x0000000080000000, 0x0000000100000000)
  region size 1024K, 98 young (100352K), 6 survivors (6144K)
 Metaspace       used 43370K, capacity 44394K, committed 44496K, reserved 1089536K
  class space    used 5583K, capacity 5959K, committed 6016K, reserved 1048576K
GC Heap History (8 events):
Event: 1.179 GC heap before
{Heap before GC invocations=0 (full 0):
 garbage-first heap   total 262144K, used 29696K [0x0000000080000000, 0x0000000100000000)
  region size 1024K, 24 young (24576K), 0 survivors (0K)
 Metaspace       used 10816K, capacity 11129K, committed 11264K, reserved 1058816K
  class space    used 1145K, capacity 1203K, committed 1280K, reserved 1048576K
}
Event: 1.184 GC heap after
{Heap after GC invocations=1 (full 0):
 garbage-first heap   total 262144K, used 8527K [0x0000000080000000, 0x0000000100000000)
  region size 1024K, 3 young (3072K), 3 survivors (3072K)
 Metaspace       used 10816K, capacity 11129K, committed 11264K, reserved 1058816K
  class space    used 1145K, capacity 1203K, committed 1280K, reserved 1048576K
}
Event: 3.360 GC heap before
{Heap before GC invocations=1 (full 0):
 garbage-first heap   total 262144K, used 87375K [0x0000000080000000, 0x0000000100000000)
  region size 1024K, 81 young (82944K), 3 survivors (3072K)
 Metaspace       used 20651K, capacity 21164K, committed 21296K, reserved 1069056K
  class space    used 2430K, capacity 2607K, committed 2688K, reserved 1048576K
}
Event: 3.370 GC heap after
{Heap after GC invocations=2 (full 0):
 garbage-first heap   total 262144K, used 15866K [0x0000000080000000, 0x0000000100000000)
  region size 1024K, 11 young (11264K), 11 survivors (11264K)
 Metaspace       used 20651K, capacity 21164K, committed 21296K, reserved 1069056K
  class space    used 2430K, capacity 2607K, committed 2688K, reserved 1048576K
}
Event: 4.233 GC heap before
{Heap before GC invocations=3 (full 0):
 garbage-first heap   total 262144K, used 71162K [0x0000000080000000, 0x0000000100000000)
  region size 1024K, 65 young (66560K), 11 survivors (11264K)
 Metaspace       used 26861K, capacity 27517K, committed 27696K, reserved 1073152K
  class space    used 3454K, capacity 3645K, committed 3712K, reserved 1048576K
}
Event: 4.241 GC heap after
{Heap after GC invocations=4 (full 0):
 garbage-first heap   total 262144K, used 17804K [0x0000000080000000, 0x0000000100000000)
  region size 1024K, 3 young (3072K), 3 survivors (3072K)
 Metaspace       used 26861K, capacity 27517K, committed 27696K, reserved 1073152K
  class space    used 3454K, capacity 3645K, committed 3712K, reserved 1048576K
}
Event: 5.081 GC heap before
{Heap before GC invocations=4 (full 0):
 garbage-first heap   total 262144K, used 58764K [0x0000000080000000, 0x0000000100000000)
  region size 1024K, 44 young (45056K), 3 survivors (3072K)
 Metaspace       used 35086K, capacity 35739K, committed 35920K, reserved 1081344K
  class space    used 4487K, capacity 4747K, committed 4864K, reserved 1048576K
}
Event: 5.091 GC heap after
{Heap after GC invocations=5 (full 0):
 garbage-first heap   total 262144K, used 20641K [0x0000000080000000, 0x0000000100000000)
  region size 1024K, 6 young (6144K), 6 survivors (6144K)
 Metaspace       used 35086K, capacity 35739K, committed 35920K, reserved 1081344K
  class space    used 4487K, capacity 4747K, committed 4864K, reserved 1048576K
}

