# JRE version: OpenJDK Runtime Environment (11.0.10) (build 11.0.10+0-b96-7249189)
# Java VM: OpenJDK 64-Bit Server VM (11.0.10+0-b96-7249189, mixed mode, tiered, compressed oops, g1 gc, windows-amd64)
Heap:
 garbage-first heap   total 328704K, used 217856K [0x0000000080000000, 0x0000000100000000)
  region size 1024K, 75 young (76800K), 6 survivors (6144K)
 Metaspace       used 102543K, capacity 105153K, committed 105468K, reserved 1140736K
  class space    used 13101K, capacity 14062K, committed 14208K, reserved 1048576K
GC Heap History (20 events):
Event: 5.961 GC heap before
{Heap before GC invocations=6 (full 0):
 garbage-first heap   total 262144K, used 122013K [0x0000000080000000, 0x0000000100000000)
  region size 1024K, 103 young (105472K), 6 survivors (6144K)
 Metaspace       used 42974K, capacity 44013K, committed 44208K, reserved 1087488K
  class space    used 5526K, capacity 5857K, committed 5888K, reserved 1048576K
}
Event: 5.972 GC heap after
{Heap after GC invocations=7 (full 0):
 garbage-first heap   total 262144K, used 25583K [0x0000000080000000, 0x0000000100000000)
  region size 1024K, 10 young (10240K), 10 survivors (10240K)
 Metaspace       used 42974K, capacity 44013K, committed 44208K, reserved 1087488K
  class space    used 5526K, capacity 5857K, committed 5888K, reserved 1048576K
}
Event: 8.039 GC heap before
{Heap before GC invocations=7 (full 0):
 garbage-first heap   total 262144K, used 162799K [0x0000000080000000, 0x0000000100000000)
  region size 1024K, 142 young (145408K), 10 survivors (10240K)
 Metaspace       used 58646K, capacity 59896K, committed 60028K, reserved 1101824K
  class space    used 7394K, capacity 7848K, committed 7936K, reserved 1048576K
}
Event: 8.071 GC heap after
{Heap after GC invocations=8 (full 0):
 garbage-first heap   total 262144K, used 41005K [0x0000000080000000, 0x0000000100000000)
  region size 1024K, 20 young (20480K), 20 survivors (20480K)
 Metaspace       used 58646K, capacity 59896K, committed 60028K, reserved 1101824K
  class space    used 7394K, capacity 7848K, committed 7936K, reserved 1048576K
}
Event: 10.222 GC heap before
{Heap before GC invocations=9 (full 0):
 garbage-first heap   total 262144K, used 176173K [0x0000000080000000, 0x0000000100000000)
  region size 1024K, 152 young (155648K), 20 survivors (20480K)
 Metaspace       used 71881K, capacity 73697K, committed 73980K, reserved 1114112K
  class space    used 9434K, capacity 10047K, committed 10112K, reserved 1048576K
}
Event: 10.248 GC heap after
{Heap after GC invocations=10 (full 0):
 garbage-first heap   total 262144K, used 51965K [0x0000000080000000, 0x0000000100000000)
  region size 1024K, 11 young (11264K), 11 survivors (11264K)
 Metaspace       used 71881K, capacity 73697K, committed 73980K, reserved 1114112K
  class space    used 9434K, capacity 10047K, committed 10112K, reserved 1048576K
}
Event: 12.267 GC heap before
{Heap before GC invocations=10 (full 0):
 garbage-first heap   total 262144K, used 187133K [0x0000000080000000, 0x0000000100000000)
  region size 1024K, 142 young (145408K), 11 survivors (11264K)
 Metaspace       used 81022K, capacity 83143K, committed 83452K, reserved 1122304K
  class space    used 10555K, capacity 11310K, committed 11392K, reserved 1048576K
}
Event: 12.284 GC heap after
{Heap after GC invocations=11 (full 0):
 garbage-first heap   total 262144K, used 66454K [0x0000000080000000, 0x0000000100000000)
  region size 1024K, 12 young (12288K), 12 survivors (12288K)
 Metaspace       used 81022K, capacity 83143K, committed 83452K, reserved 1122304K
  class space    used 10555K, capacity 11310K, committed 11392K, reserved 1048576K
}
Event: 14.023 GC heap before
{Heap before GC invocations=11 (full 0):
 garbage-first heap   total 262144K, used 194454K [0x0000000080000000, 0x0000000100000000)
  region size 1024K, 138 young (141312K), 12 survivors (12288K)
 Metaspace       used 84109K, capacity 86336K, committed 86652K, reserved 1124352K
  class space    used 10857K, capacity 11676K, committed 11776K, reserved 1048576K
}
Event: 14.038 GC heap after
{Heap after GC invocations=12 (full 0):
 garbage-first heap   total 262144K, used 69632K [0x0000000080000000, 0x0000000100000000)
  region size 1024K, 5 young (5120K), 5 survivors (5120K)
 Metaspace       used 84109K, capacity 86336K, committed 86652K, reserved 1124352K
  class space    used 10857K, capacity 11676K, committed 11776K, reserved 1048576K
}
Event: 15.426 GC heap before
{Heap before GC invocations=12 (full 0):
 garbage-first heap   total 262144K, used 202752K [0x0000000080000000, 0x0000000100000000)
  region size 1024K, 134 young (137216K), 5 survivors (5120K)
 Metaspace       used 93153K, capacity 95808K, committed 96124K, reserved 1132544K
  class space    used 12212K, capacity 13217K, committed 13312K, reserved 1048576K
}
Event: 15.437 GC heap after
{Heap after GC invocations=13 (full 0):
 garbage-first heap   total 262144K, used 74166K [0x0000000080000000, 0x0000000100000000)
  region size 1024K, 10 young (10240K), 10 survivors (10240K)
 Metaspace       used 93153K, capacity 95808K, committed 96124K, reserved 1132544K
  class space    used 12212K, capacity 13217K, committed 13312K, reserved 1048576K
}
Event: 17.527 GC heap before
{Heap before GC invocations=13 (full 0):
 garbage-first heap   total 262144K, used 222646K [0x0000000080000000, 0x0000000100000000)
  region size 1024K, 137 young (140288K), 10 survivors (10240K)
 Metaspace       used 94890K, capacity 97520K, committed 97788K, reserved 1134592K
  class space    used 12420K, capacity 13414K, committed 13440K, reserved 1048576K
}
Event: 17.585 GC heap after
{Heap after GC invocations=14 (full 0):
 garbage-first heap   total 273408K, used 122157K [0x0000000080000000, 0x0000000100000000)
  region size 1024K, 18 young (18432K), 18 survivors (18432K)
 Metaspace       used 94890K, capacity 97520K, committed 97788K, reserved 1134592K
  class space    used 12420K, capacity 13414K, committed 13440K, reserved 1048576K
}
Event: 17.841 GC heap before
{Heap before GC invocations=14 (full 0):
 garbage-first heap   total 273408K, used 126253K [0x0000000080000000, 0x0000000100000000)
  region size 1024K, 21 young (21504K), 18 survivors (18432K)
 Metaspace       used 94911K, capacity 97584K, committed 97788K, reserved 1134592K
  class space    used 12420K, capacity 13414K, committed 13440K, reserved 1048576K
}
Event: 17.891 GC heap after
{Heap after GC invocations=15 (full 0):
 garbage-first heap   total 273408K, used 129280K [0x0000000080000000, 0x0000000100000000)
  region size 1024K, 3 young (3072K), 3 survivors (3072K)
 Metaspace       used 94911K, capacity 97584K, committed 97788K, reserved 1134592K
  class space    used 12420K, capacity 13414K, committed 13440K, reserved 1048576K
}
Event: 18.024 GC heap before
{Heap before GC invocations=15 (full 0):
 garbage-first heap   total 273408K, used 134400K [0x0000000080000000, 0x0000000100000000)
  region size 1024K, 10 young (10240K), 3 survivors (3072K)
 Metaspace       used 94924K, capacity 97590K, committed 97788K, reserved 1134592K
  class space    used 12421K, capacity 13415K, committed 13440K, reserved 1048576K
}
Event: 18.032 GC heap after
{Heap after GC invocations=16 (full 0):
 garbage-first heap   total 328704K, used 130944K [0x0000000080000000, 0x0000000100000000)
  region size 1024K, 5 young (5120K), 5 survivors (5120K)
 Metaspace       used 94924K, capacity 97590K, committed 97788K, reserved 1134592K
  class space    used 12421K, capacity 13415K, committed 13440K, reserved 1048576K
}
Event: 19.308 GC heap before
{Heap before GC invocations=17 (full 0):
 garbage-first heap   total 328704K, used 204672K [0x0000000080000000, 0x0000000100000000)
  region size 1024K, 70 young (71680K), 5 survivors (5120K)
 Metaspace       used 96338K, capacity 98790K, committed 99324K, reserved 1134592K
  class space    used 12561K, capacity 13496K, committed 13696K, reserved 1048576K
}
Event: 19.315 GC heap after
{Heap after GC invocations=18 (full 0):
 garbage-first heap   total 328704K, used 132864K [0x0000000080000000, 0x0000000100000000)
  region size 1024K, 6 young (6144K), 6 survivors (6144K)
 Metaspace       used 96338K, capacity 98790K, committed 99324K, reserved 1134592K
  class space    used 12561K, capacity 13496K, committed 13696K, reserved 1048576K
}

